<?xml version="1.0" encoding="UTF-8"?>
<!-- Generated by org.testng.reporters.JUnitXMLReporter -->
<testsuite hostname="MUMW7L249" name="Module Completion Script" tests="9" failures="0" timestamp="15 Jul 2019 05:18:36 GMT" time="319.936" errors="0">
  <testcase name="verifyShowCampaignProgress" time="12.064" classname="com.lrn.reportsScript.ModuleCompletionScript"/>
  <testcase name="moduleCompletionButtonVerify" time="25.18" classname="com.lrn.reportsScript.ModuleCompletionScript"/>
  <testcase name="moduleCompleteAndIncompleteTest" time="6.458" classname="com.lrn.reportsScript.ModuleCompletionScript"/>
  <testcase name="enableDrillDownReportDetailsForUserProgressReportVerify" time="32.306" classname="com.lrn.reportsScript.ModuleCompletionScript"/>
  <testcase name="chartSelctionShowModuleCompletionStatus" time="15.3" classname="com.lrn.reportsScript.ModuleCompletionScript"/>
  <testcase name="moduleCompletionStatusViewDetailPageVerify" time="23.022" classname="com.lrn.reportsScript.ModuleCompletionScript"/>
  <testcase name="InViewDetailPageVerifyReportDetails" time="52.17" classname="com.lrn.reportsScript.ModuleCompletionScript"/>
  <testcase name="InViewDetailPageReportSearchBoxVerify" time="53.833" classname="com.lrn.reportsScript.ModuleCompletionScript"/>
  <testcase name="reportDetailsPagePaginationTest" time="40.921" classname="com.lrn.reportsScript.ModuleCompletionScript"/>
</testsuite> <!-- Module Completion Script -->
