<?xml version="1.0" encoding="UTF-8"?>
<!-- Generated by org.testng.reporters.JUnitXMLReporter -->
<testsuite hostname="MUMW7L249" name="User Progress Script" tests="4" failures="0" timestamp="15 Jul 2019 05:23:22 GMT" time="285.978" errors="0">
  <testcase name="InUserProgressGraphViewDetailsCountDataTable" time="93.054" classname="com.lrn.reportsScript.UserProgressScript"/>
  <testcase name="InUserProgressGraphViewDetailsVerify" time="43.151" classname="com.lrn.reportsScript.UserProgressScript"/>
  <testcase name="InUserProgressGraphUserProgressPagelikePagenation" time="8.07" classname="com.lrn.reportsScript.UserProgressScript"/>
  <testcase name="InUserProgressGraphReportDetailsSearchByFilterVerify" time="48.772" classname="com.lrn.reportsScript.UserProgressScript"/>
</testsuite> <!-- User Progress Script -->
